2018-03-12T15:20:47.919Z - normal: Load ~/.CocosCreator/settings.json
2018-03-12T15:20:47.923Z - normal: checking language setting...
2018-03-12T15:20:47.923Z - normal: Language: en
2018-03-12T15:20:48.238Z - success: protocol editor-framework registered
2018-03-12T15:20:48.238Z - success: protocol app registered
2018-03-12T15:20:48.238Z - success: protocol theme registered
2018-03-12T15:20:48.238Z - success: protocol profile registered
2018-03-12T15:20:48.238Z - success: protocol packages registered
2018-03-12T15:20:48.241Z - success: protocol unpack registerred
2018-03-12T15:20:48.241Z - success: protocol disable-commonjs registerred
2018-03-12T15:20:48.951Z - normal: connected!
2018-03-12T15:20:48.954Z - normal: Check project /Users/ijunjay/OcJsCall
2018-03-12T15:20:48.955Z - normal: Initializing Cocos2d
2018-03-12T15:20:49.186Z - normal: Initializing Asset Database
2018-03-12T15:20:49.208Z - success: protocol uuid registerred
2018-03-12T15:20:49.209Z - success: protocol db registerred
2018-03-12T15:20:49.209Z - success: protocol thumbnail registerred
2018-03-12T15:20:49.209Z - normal: Loading editor/builtin packages
2018-03-12T15:20:49.224Z - success: anysdk loaded
2018-03-12T15:20:49.337Z - success: assets loaded
2018-03-12T15:20:49.340Z - success: builder loaded
2018-03-12T15:20:49.345Z - success: hierarchy loaded
2018-03-12T15:20:49.349Z - success: inspector loaded
2018-03-12T15:20:49.351Z - success: keystore loaded
2018-03-12T15:20:49.354Z - success: node-library loaded
2018-03-12T15:20:49.356Z - success: package-asset loaded
2018-03-12T15:20:49.358Z - success: preferences loaded
2018-03-12T15:20:49.370Z - success: project-importer loaded
2018-03-12T15:20:49.373Z - success: project-settings loaded
2018-03-12T15:20:49.376Z - success: ui-kit loaded
2018-03-12T15:20:49.381Z - success: ui-grid loaded
2018-03-12T15:20:49.384Z - success: scene loaded
2018-03-12T15:20:49.386Z - success: sprite-editor loaded
2018-03-12T15:20:49.389Z - success: store loaded
2018-03-12T15:20:49.394Z - success: timeline loaded
2018-03-12T15:20:49.394Z - normal: Loading builtin packages
2018-03-12T15:20:49.398Z - success: asset-db-debugger loaded
2018-03-12T15:20:49.400Z - success: code-editor loaded
2018-03-12T15:20:49.400Z - success: color-picker loaded
2018-03-12T15:20:49.404Z - success: console loaded
2018-03-12T15:20:49.407Z - success: package-manager loaded
2018-03-12T15:20:49.410Z - success: sdkbox loaded
2018-03-12T15:20:49.414Z - success: tester loaded
2018-03-12T15:20:49.417Z - success: ui-kit-preview-extra loaded
2018-03-12T15:20:49.420Z - success: ui-kit-preview loaded
2018-03-12T15:20:49.423Z - success: ui-tree loaded
2018-03-12T15:20:50.055Z - normal: Initializing project /Users/ijunjay/OcJsCall
2018-03-12T15:20:50.058Z - normal: Loading packages
2018-03-12T15:20:50.062Z - normal: Watching packages
2018-03-12T15:20:50.073Z - normal: Run Application
2018-03-12T15:20:50.661Z - success: preview server running at http://localhost:7456
2018-03-12T15:20:54.212Z - normal: 1.5.2
2018-03-12T15:22:45.354Z - normal: Compiled project javascript file successfully
2018-03-12T15:24:29.477Z - normal: Compiled project javascript file successfully
2018-03-12T15:24:50.396Z - normal: Compiled project javascript file successfully
2018-03-12T15:25:15.190Z - normal: Compiled project javascript file successfully
2018-03-12T15:25:41.687Z - normal: Compiled project javascript file successfully
2018-03-12T15:26:53.997Z - normal: Start building with options : {
  "androidStudio": true,
  "apiLevel": "",
  "appABIs": [],
  "appKey": "",
  "appSecret": "",
  "buildPath": "/Users/ijunjay/OcJsCall/build",
  "debug": true,
  "dest": "/Users/ijunjay/OcJsCall/build/jsb-default",
  "excludedModules": [],
  "includeAnySDK": false,
  "includeSDKBox": false,
  "inlineSpriteFrames": true,
  "inlineSpriteFrames_native": true,
  "mergeStartScene": false,
  "oauthLoginServer": "",
  "optimizeHotUpdate": false,
  "orientation": {
    "landscapeLeft": true,
    "landscapeRight": true,
    "portrait": false,
    "upsideDown": false
  },
  "packageName": "org.cocos2d.helloworld",
  "platform": "ios",
  "previewHeight": 720,
  "previewWidth": 1280,
  "privateKey": "",
  "renderMode": "0",
  "scenes": [
    {
      "url": "db://assets/Scene/helloworld.fire",
      "uuid": "2d2f792f-a40c-49bb-a189-ed176a246e49"
    }
  ],
  "sourceMaps": false,
  "startScene": "2d2f792f-a40c-49bb-a189-ed176a246e49",
  "template": "default",
  "title": "hello_world",
  "useDebugKeystore": true,
  "vsVersion": "auto",
  "webOrientation": "auto",
  "project": "/Users/ijunjay/OcJsCall",
  "projectName": "hello_world",
  "runtimePath": "/Applications/CocosCreator1.5.2.app/Contents/Resources/engine",
  "debugBuildWorker": false
}
2018-03-12T15:26:54.002Z - normal: Building /Users/ijunjay/OcJsCall
2018-03-12T15:26:54.002Z - normal: Destination /Users/ijunjay/OcJsCall/build/jsb-default
2018-03-12T15:26:54.324Z - normal: Checked Python Version [2.7.10]
2018-03-12T15:26:55.672Z - normal: Delete /Users/ijunjay/OcJsCall/build/jsb-default/res/**/*
2018-03-12T15:26:55.672Z - normal: Delete /Users/ijunjay/OcJsCall/build/jsb-default/src/*/
2018-03-12T15:26:55.781Z - normal: Generating main.js from /Applications/CocosCreator1.5.2.app/Contents/Resources/static/build-templates/shares/main.js
2018-03-12T15:26:56.855Z - normal: Compiled project javascript file successfully
2018-03-12T15:26:56.856Z - normal: Start building assets
2018-03-12T15:26:56.856Z - normal: Start spawn build-worker
2018-03-12T15:26:57.486Z - normal: Finish spawn build-worker
2018-03-12T15:26:57.486Z - normal: Start init build-worker
2018-03-12T15:26:58.879Z - normal: 1.5.2
2018-03-12T15:26:58.950Z - normal: Finish init build-worker
2018-03-12T15:26:58.950Z - normal: Start build-assets in worker
2018-03-12T15:26:59.058Z - info: Enable "Inline all SpriteFrames" in native platform will increase the package size used in hot update.
2018-03-12T15:26:59.168Z - normal: Finish build-assets in worker
2018-03-12T15:26:59.209Z - normal: Finish building assets
2018-03-12T15:26:59.252Z - normal: Start building raw assets
2018-03-12T15:26:59.254Z - normal: [build-raw-assets] Start copying /Users/ijunjay/OcJsCall/assets/Texture/HelloWorld.png to /Users/ijunjay/OcJsCall/build/jsb-default/res/raw-assets/Texture/HelloWorld.png
2018-03-12T15:26:59.254Z - normal: [build-raw-assets] Start copying /Users/ijunjay/OcJsCall/assets/Texture/singleColor.png to /Users/ijunjay/OcJsCall/build/jsb-default/res/raw-assets/Texture/singleColor.png
2018-03-12T15:26:59.255Z - normal: [build-raw-assets] Start copying /Applications/CocosCreator1.5.2.app/Contents/Resources/static/default-assets/image/default_btn_disabled.png to /Users/ijunjay/OcJsCall/build/jsb-default/res/raw-internal/image/default_btn_disabled.png
2018-03-12T15:26:59.255Z - normal: [build-raw-assets] Start copying /Applications/CocosCreator1.5.2.app/Contents/Resources/static/default-assets/image/default_btn_pressed.png to /Users/ijunjay/OcJsCall/build/jsb-default/res/raw-internal/image/default_btn_pressed.png
2018-03-12T15:26:59.255Z - normal: [build-raw-assets] Start copying /Applications/CocosCreator1.5.2.app/Contents/Resources/static/default-assets/image/default_btn_normal.png to /Users/ijunjay/OcJsCall/build/jsb-default/res/raw-internal/image/default_btn_normal.png
2018-03-12T15:26:59.292Z - normal: [build-raw-assets] Finish copying /Users/ijunjay/OcJsCall/assets/Texture/HelloWorld.png to /Users/ijunjay/OcJsCall/build/jsb-default/res/raw-assets/Texture/HelloWorld.png
2018-03-12T15:26:59.292Z - normal: [build-raw-assets] Finish copying /Applications/CocosCreator1.5.2.app/Contents/Resources/static/default-assets/image/default_btn_pressed.png to /Users/ijunjay/OcJsCall/build/jsb-default/res/raw-internal/image/default_btn_pressed.png
2018-03-12T15:26:59.293Z - normal: [build-raw-assets] Finish copying /Users/ijunjay/OcJsCall/assets/Texture/singleColor.png to /Users/ijunjay/OcJsCall/build/jsb-default/res/raw-assets/Texture/singleColor.png
2018-03-12T15:26:59.293Z - normal: [build-raw-assets] Finish copying /Applications/CocosCreator1.5.2.app/Contents/Resources/static/default-assets/image/default_btn_disabled.png to /Users/ijunjay/OcJsCall/build/jsb-default/res/raw-internal/image/default_btn_disabled.png
2018-03-12T15:26:59.293Z - normal: [build-raw-assets] Finish copying /Applications/CocosCreator1.5.2.app/Contents/Resources/static/default-assets/image/default_btn_normal.png to /Users/ijunjay/OcJsCall/build/jsb-default/res/raw-internal/image/default_btn_normal.png
2018-03-12T15:26:59.293Z - normal: Finish building raw assets
2018-03-12T15:26:59.295Z - normal: Built to "/Users/ijunjay/OcJsCall/build/jsb-default" successfully
2018-03-12T15:32:00.458Z - normal: Start building with options : {
  "androidStudio": true,
  "apiLevel": "",
  "appABIs": [],
  "appKey": "",
  "appSecret": "",
  "buildPath": "/Users/ijunjay/OcJsCall/build",
  "debug": true,
  "dest": "/Users/ijunjay/OcJsCall/build/jsb-default",
  "excludedModules": [],
  "includeAnySDK": false,
  "includeSDKBox": false,
  "inlineSpriteFrames": true,
  "inlineSpriteFrames_native": true,
  "mergeStartScene": false,
  "oauthLoginServer": "",
  "optimizeHotUpdate": false,
  "orientation": {
    "landscapeLeft": true,
    "landscapeRight": true,
    "portrait": false,
    "upsideDown": false
  },
  "packageName": "org.cocos2d.helloworld",
  "platform": "ios",
  "previewHeight": 720,
  "previewWidth": 1280,
  "privateKey": "",
  "renderMode": "0",
  "scenes": [
    {
      "url": "db://assets/Scene/helloworld.fire",
      "uuid": "2d2f792f-a40c-49bb-a189-ed176a246e49"
    }
  ],
  "sourceMaps": false,
  "startScene": "2d2f792f-a40c-49bb-a189-ed176a246e49",
  "template": "default",
  "title": "hello_world",
  "useDebugKeystore": true,
  "vsVersion": "auto",
  "webOrientation": "auto",
  "project": "/Users/ijunjay/OcJsCall",
  "projectName": "hello_world",
  "runtimePath": "/Applications/CocosCreator1.5.2.app/Contents/Resources/engine",
  "debugBuildWorker": false
}
2018-03-12T15:32:00.466Z - normal: Building /Users/ijunjay/OcJsCall
2018-03-12T15:32:00.466Z - normal: Destination /Users/ijunjay/OcJsCall/build/jsb-default
2018-03-12T15:32:00.493Z - normal: Checked Python Version [2.7.10]
2018-03-12T15:32:01.790Z - normal: Creating native cocos project to  /Users/ijunjay/OcJsCall/build/jsb-default
2018-03-12T15:32:05.662Z - normal: Delete /Users/ijunjay/OcJsCall/build/jsb-default/res/**/*
2018-03-12T15:32:05.663Z - normal: Delete /Users/ijunjay/OcJsCall/build/jsb-default/src/*/
2018-03-12T15:32:05.759Z - normal: Generating main.js from /Applications/CocosCreator1.5.2.app/Contents/Resources/static/build-templates/shares/main.js
2018-03-12T15:32:06.885Z - normal: Compiled project javascript file successfully
2018-03-12T15:32:06.886Z - normal: Start building assets
2018-03-12T15:32:06.886Z - normal: Start spawn build-worker
2018-03-12T15:32:07.542Z - normal: Finish spawn build-worker
2018-03-12T15:32:07.542Z - normal: Start init build-worker
2018-03-12T15:32:09.104Z - normal: 1.5.2
2018-03-12T15:32:09.178Z - normal: Finish init build-worker
2018-03-12T15:32:09.178Z - normal: Start build-assets in worker
2018-03-12T15:32:09.296Z - info: Enable "Inline all SpriteFrames" in native platform will increase the package size used in hot update.
2018-03-12T15:32:09.420Z - normal: Finish build-assets in worker
2018-03-12T15:32:09.423Z - normal: Finish building assets
2018-03-12T15:32:09.458Z - normal: Start building raw assets
2018-03-12T15:32:09.459Z - normal: [build-raw-assets] Start copying /Users/ijunjay/OcJsCall/assets/Texture/HelloWorld.png to /Users/ijunjay/OcJsCall/build/jsb-default/res/raw-assets/Texture/HelloWorld.png
2018-03-12T15:32:09.459Z - normal: [build-raw-assets] Start copying /Users/ijunjay/OcJsCall/assets/Texture/singleColor.png to /Users/ijunjay/OcJsCall/build/jsb-default/res/raw-assets/Texture/singleColor.png
2018-03-12T15:32:09.459Z - normal: [build-raw-assets] Start copying /Applications/CocosCreator1.5.2.app/Contents/Resources/static/default-assets/image/default_btn_disabled.png to /Users/ijunjay/OcJsCall/build/jsb-default/res/raw-internal/image/default_btn_disabled.png
2018-03-12T15:32:09.459Z - normal: [build-raw-assets] Start copying /Applications/CocosCreator1.5.2.app/Contents/Resources/static/default-assets/image/default_btn_pressed.png to /Users/ijunjay/OcJsCall/build/jsb-default/res/raw-internal/image/default_btn_pressed.png
2018-03-12T15:32:09.460Z - normal: [build-raw-assets] Start copying /Applications/CocosCreator1.5.2.app/Contents/Resources/static/default-assets/image/default_btn_normal.png to /Users/ijunjay/OcJsCall/build/jsb-default/res/raw-internal/image/default_btn_normal.png
2018-03-12T15:32:09.479Z - normal: [build-raw-assets] Finish copying /Users/ijunjay/OcJsCall/assets/Texture/singleColor.png to /Users/ijunjay/OcJsCall/build/jsb-default/res/raw-assets/Texture/singleColor.png
2018-03-12T15:32:09.480Z - normal: [build-raw-assets] Finish copying /Applications/CocosCreator1.5.2.app/Contents/Resources/static/default-assets/image/default_btn_pressed.png to /Users/ijunjay/OcJsCall/build/jsb-default/res/raw-internal/image/default_btn_pressed.png
2018-03-12T15:32:09.480Z - normal: [build-raw-assets] Finish copying /Applications/CocosCreator1.5.2.app/Contents/Resources/static/default-assets/image/default_btn_disabled.png to /Users/ijunjay/OcJsCall/build/jsb-default/res/raw-internal/image/default_btn_disabled.png
2018-03-12T15:32:09.480Z - normal: [build-raw-assets] Finish copying /Users/ijunjay/OcJsCall/assets/Texture/HelloWorld.png to /Users/ijunjay/OcJsCall/build/jsb-default/res/raw-assets/Texture/HelloWorld.png
2018-03-12T15:32:09.480Z - normal: [build-raw-assets] Finish copying /Applications/CocosCreator1.5.2.app/Contents/Resources/static/default-assets/image/default_btn_normal.png to /Users/ijunjay/OcJsCall/build/jsb-default/res/raw-internal/image/default_btn_normal.png
2018-03-12T15:32:09.480Z - normal: Finish building raw assets
2018-03-12T15:32:09.482Z - normal: Built to "/Users/ijunjay/OcJsCall/build/jsb-default" successfully
2018-03-12T15:36:23.922Z - normal: Start building with options : {
  "androidStudio": true,
  "apiLevel": "",
  "appABIs": [],
  "appKey": "",
  "appSecret": "",
  "buildPath": "/Users/ijunjay/OcJsCall/build",
  "debug": true,
  "dest": "/Users/ijunjay/OcJsCall/build/jsb-default",
  "excludedModules": [],
  "includeAnySDK": false,
  "includeSDKBox": false,
  "inlineSpriteFrames": true,
  "inlineSpriteFrames_native": true,
  "mergeStartScene": false,
  "oauthLoginServer": "",
  "optimizeHotUpdate": false,
  "orientation": {
    "landscapeLeft": true,
    "landscapeRight": true,
    "portrait": false,
    "upsideDown": false
  },
  "packageName": "org.cocos2d.helloworld",
  "platform": "ios",
  "previewHeight": 720,
  "previewWidth": 1280,
  "privateKey": "",
  "renderMode": "0",
  "scenes": [
    {
      "url": "db://assets/Scene/helloworld.fire",
      "uuid": "2d2f792f-a40c-49bb-a189-ed176a246e49"
    }
  ],
  "sourceMaps": true,
  "startScene": "2d2f792f-a40c-49bb-a189-ed176a246e49",
  "template": "default",
  "title": "hello_world",
  "useDebugKeystore": true,
  "vsVersion": "auto",
  "webOrientation": "auto",
  "project": "/Users/ijunjay/OcJsCall",
  "projectName": "hello_world",
  "runtimePath": "/Applications/CocosCreator1.5.2.app/Contents/Resources/engine",
  "debugBuildWorker": false
}
2018-03-12T15:36:23.925Z - normal: Building /Users/ijunjay/OcJsCall
2018-03-12T15:36:23.925Z - normal: Destination /Users/ijunjay/OcJsCall/build/jsb-default
2018-03-12T15:36:23.951Z - normal: Checked Python Version [2.7.10]
2018-03-12T15:36:25.135Z - normal: Creating native cocos project to  /Users/ijunjay/OcJsCall/build/jsb-default
2018-03-12T15:36:28.839Z - normal: Delete /Users/ijunjay/OcJsCall/build/jsb-default/res/**/*
2018-03-12T15:36:28.840Z - normal: Delete /Users/ijunjay/OcJsCall/build/jsb-default/src/*/
2018-03-12T15:36:28.934Z - normal: Generating main.js from /Applications/CocosCreator1.5.2.app/Contents/Resources/static/build-templates/shares/main.js
2018-03-12T15:36:30.321Z - normal: Compiled project javascript file successfully
2018-03-12T15:36:30.321Z - normal: Start building assets
2018-03-12T15:36:30.321Z - normal: Start spawn build-worker
2018-03-12T15:36:30.988Z - normal: Finish spawn build-worker
2018-03-12T15:36:30.988Z - normal: Start init build-worker
2018-03-12T15:36:32.744Z - normal: 1.5.2
2018-03-12T15:36:32.808Z - normal: Finish init build-worker
2018-03-12T15:36:32.808Z - normal: Start build-assets in worker
2018-03-12T15:36:32.915Z - info: Enable "Inline all SpriteFrames" in native platform will increase the package size used in hot update.
2018-03-12T15:36:33.069Z - normal: Finish build-assets in worker
2018-03-12T15:36:33.073Z - normal: Finish building assets
2018-03-12T15:36:33.106Z - normal: Start building raw assets
2018-03-12T15:36:33.107Z - normal: [build-raw-assets] Start copying /Users/ijunjay/OcJsCall/assets/Texture/HelloWorld.png to /Users/ijunjay/OcJsCall/build/jsb-default/res/raw-assets/Texture/HelloWorld.png
2018-03-12T15:36:33.108Z - normal: [build-raw-assets] Start copying /Users/ijunjay/OcJsCall/assets/Texture/singleColor.png to /Users/ijunjay/OcJsCall/build/jsb-default/res/raw-assets/Texture/singleColor.png
2018-03-12T15:36:33.108Z - normal: [build-raw-assets] Start copying /Applications/CocosCreator1.5.2.app/Contents/Resources/static/default-assets/image/default_btn_disabled.png to /Users/ijunjay/OcJsCall/build/jsb-default/res/raw-internal/image/default_btn_disabled.png
2018-03-12T15:36:33.108Z - normal: [build-raw-assets] Start copying /Applications/CocosCreator1.5.2.app/Contents/Resources/static/default-assets/image/default_btn_pressed.png to /Users/ijunjay/OcJsCall/build/jsb-default/res/raw-internal/image/default_btn_pressed.png
2018-03-12T15:36:33.108Z - normal: [build-raw-assets] Start copying /Applications/CocosCreator1.5.2.app/Contents/Resources/static/default-assets/image/default_btn_normal.png to /Users/ijunjay/OcJsCall/build/jsb-default/res/raw-internal/image/default_btn_normal.png
2018-03-12T15:36:33.128Z - normal: [build-raw-assets] Finish copying /Users/ijunjay/OcJsCall/assets/Texture/HelloWorld.png to /Users/ijunjay/OcJsCall/build/jsb-default/res/raw-assets/Texture/HelloWorld.png
2018-03-12T15:36:33.128Z - normal: [build-raw-assets] Finish copying /Applications/CocosCreator1.5.2.app/Contents/Resources/static/default-assets/image/default_btn_pressed.png to /Users/ijunjay/OcJsCall/build/jsb-default/res/raw-internal/image/default_btn_pressed.png
2018-03-12T15:36:33.129Z - normal: [build-raw-assets] Finish copying /Users/ijunjay/OcJsCall/assets/Texture/singleColor.png to /Users/ijunjay/OcJsCall/build/jsb-default/res/raw-assets/Texture/singleColor.png
2018-03-12T15:36:33.129Z - normal: [build-raw-assets] Finish copying /Applications/CocosCreator1.5.2.app/Contents/Resources/static/default-assets/image/default_btn_normal.png to /Users/ijunjay/OcJsCall/build/jsb-default/res/raw-internal/image/default_btn_normal.png
2018-03-12T15:36:33.129Z - normal: [build-raw-assets] Finish copying /Applications/CocosCreator1.5.2.app/Contents/Resources/static/default-assets/image/default_btn_disabled.png to /Users/ijunjay/OcJsCall/build/jsb-default/res/raw-internal/image/default_btn_disabled.png
2018-03-12T15:36:33.129Z - normal: Finish building raw assets
2018-03-12T15:36:33.131Z - normal: Built to "/Users/ijunjay/OcJsCall/build/jsb-default" successfully
2018-03-12T15:37:00.562Z - normal: Start building with options : {
  "androidStudio": true,
  "apiLevel": "",
  "appABIs": [],
  "appKey": "",
  "appSecret": "",
  "buildPath": "/Users/ijunjay/OcJsCall/build",
  "debug": true,
  "dest": "/Users/ijunjay/OcJsCall/build/jsb-default",
  "excludedModules": [],
  "includeAnySDK": false,
  "includeSDKBox": false,
  "inlineSpriteFrames": true,
  "inlineSpriteFrames_native": true,
  "mergeStartScene": false,
  "oauthLoginServer": "",
  "optimizeHotUpdate": false,
  "orientation": {
    "landscapeLeft": true,
    "landscapeRight": true,
    "portrait": false,
    "upsideDown": false
  },
  "packageName": "org.cocos2d.helloworld",
  "platform": "ios",
  "previewHeight": 720,
  "previewWidth": 1280,
  "privateKey": "",
  "renderMode": "0",
  "scenes": [
    {
      "url": "db://assets/Scene/helloworld.fire",
      "uuid": "2d2f792f-a40c-49bb-a189-ed176a246e49"
    }
  ],
  "sourceMaps": true,
  "startScene": "2d2f792f-a40c-49bb-a189-ed176a246e49",
  "template": "default",
  "title": "hello_world",
  "useDebugKeystore": true,
  "vsVersion": "auto",
  "webOrientation": "auto",
  "project": "/Users/ijunjay/OcJsCall",
  "projectName": "hello_world",
  "runtimePath": "/Applications/CocosCreator1.5.2.app/Contents/Resources/engine",
  "debugBuildWorker": false
}
2018-03-12T15:37:00.588Z - normal: Building /Users/ijunjay/OcJsCall
2018-03-12T15:37:00.588Z - normal: Destination /Users/ijunjay/OcJsCall/build/jsb-default
2018-03-12T15:37:00.608Z - normal: Checked Python Version [2.7.10]
2018-03-12T15:37:01.834Z - normal: Creating native cocos project to  /Users/ijunjay/OcJsCall/build/jsb-default
2018-03-12T15:37:04.290Z - normal: Delete /Users/ijunjay/OcJsCall/build/jsb-default/res/**/*
2018-03-12T15:37:04.291Z - normal: Delete /Users/ijunjay/OcJsCall/build/jsb-default/src/*/
2018-03-12T15:37:04.380Z - normal: Generating main.js from /Applications/CocosCreator1.5.2.app/Contents/Resources/static/build-templates/shares/main.js
2018-03-12T15:37:05.690Z - normal: Compiled project javascript file successfully
2018-03-12T15:37:05.690Z - normal: Start building assets
2018-03-12T15:37:05.690Z - normal: Start spawn build-worker
2018-03-12T15:37:06.331Z - normal: Finish spawn build-worker
2018-03-12T15:37:06.331Z - normal: Start init build-worker
2018-03-12T15:37:07.916Z - normal: 1.5.2
2018-03-12T15:37:07.981Z - normal: Finish init build-worker
2018-03-12T15:37:07.981Z - normal: Start build-assets in worker
2018-03-12T15:37:08.089Z - info: Enable "Inline all SpriteFrames" in native platform will increase the package size used in hot update.
2018-03-12T15:37:08.241Z - normal: Finish build-assets in worker
2018-03-12T15:37:08.244Z - normal: Finish building assets
2018-03-12T15:37:08.276Z - normal: Start building raw assets
2018-03-12T15:37:08.276Z - normal: [build-raw-assets] Start copying /Users/ijunjay/OcJsCall/assets/Texture/HelloWorld.png to /Users/ijunjay/OcJsCall/build/jsb-default/res/raw-assets/Texture/HelloWorld.png
2018-03-12T15:37:08.277Z - normal: [build-raw-assets] Start copying /Users/ijunjay/OcJsCall/assets/Texture/singleColor.png to /Users/ijunjay/OcJsCall/build/jsb-default/res/raw-assets/Texture/singleColor.png
2018-03-12T15:37:08.277Z - normal: [build-raw-assets] Start copying /Applications/CocosCreator1.5.2.app/Contents/Resources/static/default-assets/image/default_btn_disabled.png to /Users/ijunjay/OcJsCall/build/jsb-default/res/raw-internal/image/default_btn_disabled.png
2018-03-12T15:37:08.277Z - normal: [build-raw-assets] Start copying /Applications/CocosCreator1.5.2.app/Contents/Resources/static/default-assets/image/default_btn_pressed.png to /Users/ijunjay/OcJsCall/build/jsb-default/res/raw-internal/image/default_btn_pressed.png
2018-03-12T15:37:08.277Z - normal: [build-raw-assets] Start copying /Applications/CocosCreator1.5.2.app/Contents/Resources/static/default-assets/image/default_btn_normal.png to /Users/ijunjay/OcJsCall/build/jsb-default/res/raw-internal/image/default_btn_normal.png
2018-03-12T15:37:08.285Z - normal: [build-raw-assets] Finish copying /Users/ijunjay/OcJsCall/assets/Texture/HelloWorld.png to /Users/ijunjay/OcJsCall/build/jsb-default/res/raw-assets/Texture/HelloWorld.png
2018-03-12T15:37:08.285Z - normal: [build-raw-assets] Finish copying /Applications/CocosCreator1.5.2.app/Contents/Resources/static/default-assets/image/default_btn_disabled.png to /Users/ijunjay/OcJsCall/build/jsb-default/res/raw-internal/image/default_btn_disabled.png
2018-03-12T15:37:08.286Z - normal: [build-raw-assets] Finish copying /Users/ijunjay/OcJsCall/assets/Texture/singleColor.png to /Users/ijunjay/OcJsCall/build/jsb-default/res/raw-assets/Texture/singleColor.png
2018-03-12T15:37:08.286Z - normal: [build-raw-assets] Finish copying /Applications/CocosCreator1.5.2.app/Contents/Resources/static/default-assets/image/default_btn_pressed.png to /Users/ijunjay/OcJsCall/build/jsb-default/res/raw-internal/image/default_btn_pressed.png
2018-03-12T15:37:08.286Z - normal: [build-raw-assets] Finish copying /Applications/CocosCreator1.5.2.app/Contents/Resources/static/default-assets/image/default_btn_normal.png to /Users/ijunjay/OcJsCall/build/jsb-default/res/raw-internal/image/default_btn_normal.png
2018-03-12T15:37:08.286Z - normal: Finish building raw assets
2018-03-12T15:37:08.287Z - normal: Built to "/Users/ijunjay/OcJsCall/build/jsb-default" successfully
2018-03-12T15:37:27.226Z - normal: Start building with options : {
  "androidStudio": true,
  "apiLevel": "",
  "appABIs": [],
  "appKey": "",
  "appSecret": "",
  "buildPath": "/Users/ijunjay/OcJsCall/build",
  "debug": true,
  "dest": "/Users/ijunjay/OcJsCall/build/jsb-link",
  "excludedModules": [],
  "includeAnySDK": false,
  "includeSDKBox": false,
  "inlineSpriteFrames": true,
  "inlineSpriteFrames_native": true,
  "mergeStartScene": false,
  "oauthLoginServer": "",
  "optimizeHotUpdate": false,
  "orientation": {
    "landscapeLeft": true,
    "landscapeRight": true,
    "portrait": false,
    "upsideDown": false
  },
  "packageName": "org.cocos2d.helloworld",
  "platform": "ios",
  "previewHeight": 720,
  "previewWidth": 1280,
  "privateKey": "",
  "renderMode": "0",
  "scenes": [
    {
      "url": "db://assets/Scene/helloworld.fire",
      "uuid": "2d2f792f-a40c-49bb-a189-ed176a246e49"
    }
  ],
  "sourceMaps": true,
  "startScene": "2d2f792f-a40c-49bb-a189-ed176a246e49",
  "template": "link",
  "title": "hello_world",
  "useDebugKeystore": true,
  "vsVersion": "auto",
  "webOrientation": "auto",
  "project": "/Users/ijunjay/OcJsCall",
  "projectName": "hello_world",
  "runtimePath": "/Applications/CocosCreator1.5.2.app/Contents/Resources/engine",
  "debugBuildWorker": false
}
2018-03-12T15:37:27.231Z - normal: Building /Users/ijunjay/OcJsCall
2018-03-12T15:37:27.231Z - normal: Destination /Users/ijunjay/OcJsCall/build/jsb-link
2018-03-12T15:37:27.247Z - normal: Checked Python Version [2.7.10]
2018-03-12T15:37:28.442Z - normal: Creating native cocos project to  /Users/ijunjay/OcJsCall/build/jsb-link
2018-03-12T15:37:29.853Z - normal: Delete /Users/ijunjay/OcJsCall/build/jsb-link/res/**/*
2018-03-12T15:37:29.854Z - normal: Delete /Users/ijunjay/OcJsCall/build/jsb-link/src/*/
2018-03-12T15:37:29.925Z - normal: Generating main.js from /Applications/CocosCreator1.5.2.app/Contents/Resources/static/build-templates/shares/main.js
2018-03-12T15:37:31.030Z - normal: Compiled project javascript file successfully
2018-03-12T15:37:31.031Z - normal: Start building assets
2018-03-12T15:37:31.031Z - normal: Start spawn build-worker
2018-03-12T15:37:31.682Z - normal: Finish spawn build-worker
2018-03-12T15:37:31.682Z - normal: Start init build-worker
2018-03-12T15:37:33.061Z - normal: 1.5.2
2018-03-12T15:37:33.135Z - normal: Finish init build-worker
2018-03-12T15:37:33.135Z - normal: Start build-assets in worker
2018-03-12T15:37:33.222Z - info: Enable "Inline all SpriteFrames" in native platform will increase the package size used in hot update.
2018-03-12T15:37:33.344Z - normal: Finish build-assets in worker
2018-03-12T15:37:33.348Z - normal: Finish building assets
2018-03-12T15:37:33.381Z - normal: Start building raw assets
2018-03-12T15:37:33.381Z - normal: [build-raw-assets] Start copying /Users/ijunjay/OcJsCall/assets/Texture/HelloWorld.png to /Users/ijunjay/OcJsCall/build/jsb-link/res/raw-assets/Texture/HelloWorld.png
2018-03-12T15:37:33.381Z - normal: [build-raw-assets] Start copying /Users/ijunjay/OcJsCall/assets/Texture/singleColor.png to /Users/ijunjay/OcJsCall/build/jsb-link/res/raw-assets/Texture/singleColor.png
2018-03-12T15:37:33.381Z - normal: [build-raw-assets] Start copying /Applications/CocosCreator1.5.2.app/Contents/Resources/static/default-assets/image/default_btn_disabled.png to /Users/ijunjay/OcJsCall/build/jsb-link/res/raw-internal/image/default_btn_disabled.png
2018-03-12T15:37:33.382Z - normal: [build-raw-assets] Start copying /Applications/CocosCreator1.5.2.app/Contents/Resources/static/default-assets/image/default_btn_pressed.png to /Users/ijunjay/OcJsCall/build/jsb-link/res/raw-internal/image/default_btn_pressed.png
2018-03-12T15:37:33.382Z - normal: [build-raw-assets] Start copying /Applications/CocosCreator1.5.2.app/Contents/Resources/static/default-assets/image/default_btn_normal.png to /Users/ijunjay/OcJsCall/build/jsb-link/res/raw-internal/image/default_btn_normal.png
2018-03-12T15:37:33.395Z - normal: [build-raw-assets] Finish copying /Applications/CocosCreator1.5.2.app/Contents/Resources/static/default-assets/image/default_btn_disabled.png to /Users/ijunjay/OcJsCall/build/jsb-link/res/raw-internal/image/default_btn_disabled.png
2018-03-12T15:37:33.396Z - normal: [build-raw-assets] Finish copying /Users/ijunjay/OcJsCall/assets/Texture/HelloWorld.png to /Users/ijunjay/OcJsCall/build/jsb-link/res/raw-assets/Texture/HelloWorld.png
2018-03-12T15:37:33.396Z - normal: [build-raw-assets] Finish copying /Users/ijunjay/OcJsCall/assets/Texture/singleColor.png to /Users/ijunjay/OcJsCall/build/jsb-link/res/raw-assets/Texture/singleColor.png
2018-03-12T15:37:33.396Z - normal: [build-raw-assets] Finish copying /Applications/CocosCreator1.5.2.app/Contents/Resources/static/default-assets/image/default_btn_normal.png to /Users/ijunjay/OcJsCall/build/jsb-link/res/raw-internal/image/default_btn_normal.png
2018-03-12T15:37:33.397Z - normal: [build-raw-assets] Finish copying /Applications/CocosCreator1.5.2.app/Contents/Resources/static/default-assets/image/default_btn_pressed.png to /Users/ijunjay/OcJsCall/build/jsb-link/res/raw-internal/image/default_btn_pressed.png
2018-03-12T15:37:33.397Z - normal: Finish building raw assets
2018-03-12T15:37:33.398Z - normal: Built to "/Users/ijunjay/OcJsCall/build/jsb-link" successfully
2018-03-12T15:37:53.516Z - normal: Start building with options : {
  "androidStudio": true,
  "apiLevel": "",
  "appABIs": [],
  "appKey": "",
  "appSecret": "",
  "buildPath": "/Users/ijunjay/OcJsCall/build",
  "debug": true,
  "dest": "/Users/ijunjay/OcJsCall/build/jsb-link",
  "excludedModules": [],
  "includeAnySDK": false,
  "includeSDKBox": false,
  "inlineSpriteFrames": true,
  "inlineSpriteFrames_native": true,
  "mergeStartScene": false,
  "oauthLoginServer": "",
  "optimizeHotUpdate": false,
  "orientation": {
    "landscapeLeft": true,
    "landscapeRight": true,
    "portrait": false,
    "upsideDown": false
  },
  "packageName": "org.cocos2d.helloworld",
  "platform": "ios",
  "previewHeight": 720,
  "previewWidth": 1280,
  "privateKey": "",
  "renderMode": "0",
  "scenes": [
    {
      "url": "db://assets/Scene/helloworld.fire",
      "uuid": "2d2f792f-a40c-49bb-a189-ed176a246e49"
    }
  ],
  "sourceMaps": false,
  "startScene": "2d2f792f-a40c-49bb-a189-ed176a246e49",
  "template": "link",
  "title": "hello_world",
  "useDebugKeystore": true,
  "vsVersion": "auto",
  "webOrientation": "auto",
  "project": "/Users/ijunjay/OcJsCall",
  "projectName": "hello_world",
  "runtimePath": "/Applications/CocosCreator1.5.2.app/Contents/Resources/engine",
  "debugBuildWorker": false
}
2018-03-12T15:37:53.517Z - normal: Building /Users/ijunjay/OcJsCall
2018-03-12T15:37:53.517Z - normal: Destination /Users/ijunjay/OcJsCall/build/jsb-link
2018-03-12T15:37:53.532Z - normal: Checked Python Version [2.7.10]
2018-03-12T15:37:54.713Z - normal: Delete /Users/ijunjay/OcJsCall/build/jsb-link/res/**/*
2018-03-12T15:37:54.714Z - normal: Delete /Users/ijunjay/OcJsCall/build/jsb-link/src/*/
2018-03-12T15:37:54.796Z - normal: Generating main.js from /Applications/CocosCreator1.5.2.app/Contents/Resources/static/build-templates/shares/main.js
2018-03-12T15:37:55.906Z - normal: Compiled project javascript file successfully
2018-03-12T15:37:55.907Z - normal: Start building assets
2018-03-12T15:37:55.907Z - normal: Start spawn build-worker
2018-03-12T15:37:56.571Z - normal: Finish spawn build-worker
2018-03-12T15:37:56.572Z - normal: Start init build-worker
2018-03-12T15:37:57.960Z - normal: 1.5.2
2018-03-12T15:37:58.014Z - normal: Finish init build-worker
2018-03-12T15:37:58.014Z - normal: Start build-assets in worker
2018-03-12T15:37:58.095Z - info: Enable "Inline all SpriteFrames" in native platform will increase the package size used in hot update.
2018-03-12T15:37:58.238Z - normal: Finish build-assets in worker
2018-03-12T15:37:58.242Z - normal: Finish building assets
2018-03-12T15:37:58.274Z - normal: Start building raw assets
2018-03-12T15:37:58.274Z - normal: [build-raw-assets] Start copying /Users/ijunjay/OcJsCall/assets/Texture/HelloWorld.png to /Users/ijunjay/OcJsCall/build/jsb-link/res/raw-assets/Texture/HelloWorld.png
2018-03-12T15:37:58.274Z - normal: [build-raw-assets] Start copying /Users/ijunjay/OcJsCall/assets/Texture/singleColor.png to /Users/ijunjay/OcJsCall/build/jsb-link/res/raw-assets/Texture/singleColor.png
2018-03-12T15:37:58.275Z - normal: [build-raw-assets] Start copying /Applications/CocosCreator1.5.2.app/Contents/Resources/static/default-assets/image/default_btn_disabled.png to /Users/ijunjay/OcJsCall/build/jsb-link/res/raw-internal/image/default_btn_disabled.png
2018-03-12T15:37:58.275Z - normal: [build-raw-assets] Start copying /Applications/CocosCreator1.5.2.app/Contents/Resources/static/default-assets/image/default_btn_pressed.png to /Users/ijunjay/OcJsCall/build/jsb-link/res/raw-internal/image/default_btn_pressed.png
2018-03-12T15:37:58.275Z - normal: [build-raw-assets] Start copying /Applications/CocosCreator1.5.2.app/Contents/Resources/static/default-assets/image/default_btn_normal.png to /Users/ijunjay/OcJsCall/build/jsb-link/res/raw-internal/image/default_btn_normal.png
2018-03-12T15:37:58.282Z - normal: [build-raw-assets] Finish copying /Users/ijunjay/OcJsCall/assets/Texture/HelloWorld.png to /Users/ijunjay/OcJsCall/build/jsb-link/res/raw-assets/Texture/HelloWorld.png
2018-03-12T15:37:58.284Z - normal: [build-raw-assets] Finish copying /Applications/CocosCreator1.5.2.app/Contents/Resources/static/default-assets/image/default_btn_disabled.png to /Users/ijunjay/OcJsCall/build/jsb-link/res/raw-internal/image/default_btn_disabled.png
2018-03-12T15:37:58.295Z - normal: [build-raw-assets] Finish copying /Users/ijunjay/OcJsCall/assets/Texture/singleColor.png to /Users/ijunjay/OcJsCall/build/jsb-link/res/raw-assets/Texture/singleColor.png
2018-03-12T15:37:58.295Z - normal: [build-raw-assets] Finish copying /Applications/CocosCreator1.5.2.app/Contents/Resources/static/default-assets/image/default_btn_pressed.png to /Users/ijunjay/OcJsCall/build/jsb-link/res/raw-internal/image/default_btn_pressed.png
2018-03-12T15:37:58.295Z - normal: [build-raw-assets] Finish copying /Applications/CocosCreator1.5.2.app/Contents/Resources/static/default-assets/image/default_btn_normal.png to /Users/ijunjay/OcJsCall/build/jsb-link/res/raw-internal/image/default_btn_normal.png
2018-03-12T15:37:58.295Z - normal: Finish building raw assets
2018-03-12T15:37:58.296Z - normal: Built to "/Users/ijunjay/OcJsCall/build/jsb-link" successfully
2018-03-12T15:39:23.000Z - normal: Start building with options : {
  "androidStudio": true,
  "apiLevel": "",
  "appABIs": [],
  "appKey": "",
  "appSecret": "",
  "buildPath": "/Users/ijunjay/OcJsCall/build",
  "debug": true,
  "dest": "/Users/ijunjay/OcJsCall/build/jsb-link",
  "excludedModules": [],
  "includeAnySDK": false,
  "includeSDKBox": false,
  "inlineSpriteFrames": true,
  "inlineSpriteFrames_native": true,
  "mergeStartScene": false,
  "oauthLoginServer": "",
  "optimizeHotUpdate": false,
  "orientation": {
    "landscapeLeft": true,
    "landscapeRight": true,
    "portrait": false,
    "upsideDown": false
  },
  "packageName": "org.cocos2d.helloworld",
  "platform": "ios",
  "previewHeight": 720,
  "previewWidth": 1280,
  "privateKey": "",
  "renderMode": "0",
  "scenes": [
    {
      "url": "db://assets/Scene/helloworld.fire",
      "uuid": "2d2f792f-a40c-49bb-a189-ed176a246e49"
    }
  ],
  "sourceMaps": false,
  "startScene": "2d2f792f-a40c-49bb-a189-ed176a246e49",
  "template": "link",
  "title": "hello_world",
  "useDebugKeystore": true,
  "vsVersion": "auto",
  "webOrientation": "auto",
  "project": "/Users/ijunjay/OcJsCall",
  "projectName": "hello_world",
  "runtimePath": "/Applications/CocosCreator1.5.2.app/Contents/Resources/engine",
  "debugBuildWorker": false
}
2018-03-12T15:39:23.006Z - normal: Building /Users/ijunjay/OcJsCall
2018-03-12T15:39:23.007Z - normal: Destination /Users/ijunjay/OcJsCall/build/jsb-link
2018-03-12T15:39:23.023Z - normal: Checked Python Version [2.7.10]
2018-03-12T15:39:24.294Z - normal: Creating native cocos project to  /Users/ijunjay/OcJsCall/build/jsb-link
2018-03-12T15:39:25.699Z - normal: Delete /Users/ijunjay/OcJsCall/build/jsb-link/res/**/*
2018-03-12T15:39:25.699Z - normal: Delete /Users/ijunjay/OcJsCall/build/jsb-link/src/*/
2018-03-12T15:39:25.776Z - normal: Generating main.js from /Applications/CocosCreator1.5.2.app/Contents/Resources/static/build-templates/shares/main.js
2018-03-12T15:39:26.944Z - normal: Compiled project javascript file successfully
2018-03-12T15:39:26.944Z - normal: Start building assets
2018-03-12T15:39:26.944Z - normal: Start spawn build-worker
2018-03-12T15:39:27.599Z - normal: Finish spawn build-worker
2018-03-12T15:39:27.599Z - normal: Start init build-worker
2018-03-12T15:39:29.000Z - normal: 1.5.2
2018-03-12T15:39:29.064Z - normal: Finish init build-worker
2018-03-12T15:39:29.064Z - normal: Start build-assets in worker
2018-03-12T15:39:29.167Z - info: Enable "Inline all SpriteFrames" in native platform will increase the package size used in hot update.
2018-03-12T15:39:29.359Z - normal: Finish build-assets in worker
2018-03-12T15:39:29.363Z - normal: Finish building assets
2018-03-12T15:39:29.396Z - normal: Start building raw assets
2018-03-12T15:39:29.396Z - normal: [build-raw-assets] Start copying /Users/ijunjay/OcJsCall/assets/Texture/HelloWorld.png to /Users/ijunjay/OcJsCall/build/jsb-link/res/raw-assets/Texture/HelloWorld.png
2018-03-12T15:39:29.396Z - normal: [build-raw-assets] Start copying /Users/ijunjay/OcJsCall/assets/Texture/singleColor.png to /Users/ijunjay/OcJsCall/build/jsb-link/res/raw-assets/Texture/singleColor.png
2018-03-12T15:39:29.396Z - normal: [build-raw-assets] Start copying /Applications/CocosCreator1.5.2.app/Contents/Resources/static/default-assets/image/default_btn_disabled.png to /Users/ijunjay/OcJsCall/build/jsb-link/res/raw-internal/image/default_btn_disabled.png
2018-03-12T15:39:29.396Z - normal: [build-raw-assets] Start copying /Applications/CocosCreator1.5.2.app/Contents/Resources/static/default-assets/image/default_btn_pressed.png to /Users/ijunjay/OcJsCall/build/jsb-link/res/raw-internal/image/default_btn_pressed.png
2018-03-12T15:39:29.397Z - normal: [build-raw-assets] Start copying /Applications/CocosCreator1.5.2.app/Contents/Resources/static/default-assets/image/default_btn_normal.png to /Users/ijunjay/OcJsCall/build/jsb-link/res/raw-internal/image/default_btn_normal.png
2018-03-12T15:39:29.403Z - normal: [build-raw-assets] Finish copying /Users/ijunjay/OcJsCall/assets/Texture/HelloWorld.png to /Users/ijunjay/OcJsCall/build/jsb-link/res/raw-assets/Texture/HelloWorld.png
2018-03-12T15:39:29.403Z - normal: [build-raw-assets] Finish copying /Applications/CocosCreator1.5.2.app/Contents/Resources/static/default-assets/image/default_btn_disabled.png to /Users/ijunjay/OcJsCall/build/jsb-link/res/raw-internal/image/default_btn_disabled.png
2018-03-12T15:39:29.405Z - normal: [build-raw-assets] Finish copying /Users/ijunjay/OcJsCall/assets/Texture/singleColor.png to /Users/ijunjay/OcJsCall/build/jsb-link/res/raw-assets/Texture/singleColor.png
2018-03-12T15:39:29.406Z - normal: [build-raw-assets] Finish copying /Applications/CocosCreator1.5.2.app/Contents/Resources/static/default-assets/image/default_btn_normal.png to /Users/ijunjay/OcJsCall/build/jsb-link/res/raw-internal/image/default_btn_normal.png
2018-03-12T15:39:29.406Z - normal: [build-raw-assets] Finish copying /Applications/CocosCreator1.5.2.app/Contents/Resources/static/default-assets/image/default_btn_pressed.png to /Users/ijunjay/OcJsCall/build/jsb-link/res/raw-internal/image/default_btn_pressed.png
2018-03-12T15:39:29.406Z - normal: Finish building raw assets
2018-03-12T15:39:29.407Z - normal: Built to "/Users/ijunjay/OcJsCall/build/jsb-link" successfully
2018-03-12T15:40:20.438Z - normal: Start building with options : {
  "androidStudio": true,
  "apiLevel": "",
  "appABIs": [],
  "appKey": "",
  "appSecret": "",
  "buildPath": "/Users/ijunjay/OcJsCall/build",
  "debug": true,
  "dest": "/Users/ijunjay/OcJsCall/build/jsb-default",
  "excludedModules": [],
  "includeAnySDK": false,
  "includeSDKBox": false,
  "inlineSpriteFrames": true,
  "inlineSpriteFrames_native": true,
  "mergeStartScene": false,
  "oauthLoginServer": "",
  "optimizeHotUpdate": false,
  "orientation": {
    "landscapeLeft": true,
    "landscapeRight": true,
    "portrait": false,
    "upsideDown": false
  },
  "packageName": "org.cocos2d.helloworld",
  "platform": "ios",
  "previewHeight": 720,
  "previewWidth": 1280,
  "privateKey": "",
  "renderMode": "0",
  "scenes": [
    {
      "url": "db://assets/Scene/helloworld.fire",
      "uuid": "2d2f792f-a40c-49bb-a189-ed176a246e49"
    }
  ],
  "sourceMaps": false,
  "startScene": "2d2f792f-a40c-49bb-a189-ed176a246e49",
  "template": "default",
  "title": "hello_world",
  "useDebugKeystore": true,
  "vsVersion": "auto",
  "webOrientation": "auto",
  "project": "/Users/ijunjay/OcJsCall",
  "projectName": "hello_world",
  "runtimePath": "/Applications/CocosCreator1.5.2.app/Contents/Resources/engine",
  "debugBuildWorker": false
}
2018-03-12T15:40:20.439Z - normal: Building /Users/ijunjay/OcJsCall
2018-03-12T15:40:20.439Z - normal: Destination /Users/ijunjay/OcJsCall/build/jsb-default
2018-03-12T15:40:20.455Z - normal: Checked Python Version [2.7.10]
2018-03-12T15:40:21.650Z - normal: Delete /Users/ijunjay/OcJsCall/build/jsb-default/res/**/*
2018-03-12T15:40:21.651Z - normal: Delete /Users/ijunjay/OcJsCall/build/jsb-default/src/*/
2018-03-12T15:40:21.728Z - normal: Generating main.js from /Applications/CocosCreator1.5.2.app/Contents/Resources/static/build-templates/shares/main.js
2018-03-12T15:40:22.853Z - normal: Compiled project javascript file successfully
2018-03-12T15:40:22.854Z - normal: Start building assets
2018-03-12T15:40:22.854Z - normal: Start spawn build-worker
2018-03-12T15:40:23.508Z - normal: Finish spawn build-worker
2018-03-12T15:40:23.508Z - normal: Start init build-worker
2018-03-12T15:40:24.932Z - normal: 1.5.2
2018-03-12T15:40:25.003Z - normal: Finish init build-worker
2018-03-12T15:40:25.003Z - normal: Start build-assets in worker
2018-03-12T15:40:25.107Z - info: Enable "Inline all SpriteFrames" in native platform will increase the package size used in hot update.
2018-03-12T15:40:25.224Z - normal: Finish build-assets in worker
2018-03-12T15:40:25.227Z - normal: Finish building assets
2018-03-12T15:40:25.258Z - normal: Start building raw assets
2018-03-12T15:40:25.258Z - normal: [build-raw-assets] Start copying /Users/ijunjay/OcJsCall/assets/Texture/HelloWorld.png to /Users/ijunjay/OcJsCall/build/jsb-default/res/raw-assets/Texture/HelloWorld.png
2018-03-12T15:40:25.258Z - normal: [build-raw-assets] Start copying /Users/ijunjay/OcJsCall/assets/Texture/singleColor.png to /Users/ijunjay/OcJsCall/build/jsb-default/res/raw-assets/Texture/singleColor.png
2018-03-12T15:40:25.259Z - normal: [build-raw-assets] Start copying /Applications/CocosCreator1.5.2.app/Contents/Resources/static/default-assets/image/default_btn_disabled.png to /Users/ijunjay/OcJsCall/build/jsb-default/res/raw-internal/image/default_btn_disabled.png
2018-03-12T15:40:25.259Z - normal: [build-raw-assets] Start copying /Applications/CocosCreator1.5.2.app/Contents/Resources/static/default-assets/image/default_btn_pressed.png to /Users/ijunjay/OcJsCall/build/jsb-default/res/raw-internal/image/default_btn_pressed.png
2018-03-12T15:40:25.259Z - normal: [build-raw-assets] Start copying /Applications/CocosCreator1.5.2.app/Contents/Resources/static/default-assets/image/default_btn_normal.png to /Users/ijunjay/OcJsCall/build/jsb-default/res/raw-internal/image/default_btn_normal.png
2018-03-12T15:40:25.267Z - normal: [build-raw-assets] Finish copying /Users/ijunjay/OcJsCall/assets/Texture/HelloWorld.png to /Users/ijunjay/OcJsCall/build/jsb-default/res/raw-assets/Texture/HelloWorld.png
2018-03-12T15:40:25.268Z - normal: [build-raw-assets] Finish copying /Applications/CocosCreator1.5.2.app/Contents/Resources/static/default-assets/image/default_btn_disabled.png to /Users/ijunjay/OcJsCall/build/jsb-default/res/raw-internal/image/default_btn_disabled.png
2018-03-12T15:40:25.269Z - normal: [build-raw-assets] Finish copying /Users/ijunjay/OcJsCall/assets/Texture/singleColor.png to /Users/ijunjay/OcJsCall/build/jsb-default/res/raw-assets/Texture/singleColor.png
2018-03-12T15:40:25.269Z - normal: [build-raw-assets] Finish copying /Applications/CocosCreator1.5.2.app/Contents/Resources/static/default-assets/image/default_btn_normal.png to /Users/ijunjay/OcJsCall/build/jsb-default/res/raw-internal/image/default_btn_normal.png
2018-03-12T15:40:25.269Z - normal: [build-raw-assets] Finish copying /Applications/CocosCreator1.5.2.app/Contents/Resources/static/default-assets/image/default_btn_pressed.png to /Users/ijunjay/OcJsCall/build/jsb-default/res/raw-internal/image/default_btn_pressed.png
2018-03-12T15:40:25.269Z - normal: Finish building raw assets
2018-03-12T15:40:25.270Z - normal: Built to "/Users/ijunjay/OcJsCall/build/jsb-default" successfully
2018-03-12T15:41:30.208Z - normal: Start building with options : {
  "androidStudio": true,
  "apiLevel": "",
  "appABIs": [],
  "appKey": "",
  "appSecret": "",
  "buildPath": "/Users/ijunjay/OcJsCall/build",
  "debug": true,
  "dest": "/Users/ijunjay/OcJsCall/build/jsb-default",
  "excludedModules": [],
  "includeAnySDK": false,
  "includeSDKBox": false,
  "inlineSpriteFrames": true,
  "inlineSpriteFrames_native": true,
  "mergeStartScene": false,
  "oauthLoginServer": "",
  "optimizeHotUpdate": false,
  "orientation": {
    "landscapeLeft": true,
    "landscapeRight": true,
    "portrait": false,
    "upsideDown": false
  },
  "packageName": "org.cocos2d.helloworld",
  "platform": "ios",
  "previewHeight": 720,
  "previewWidth": 1280,
  "privateKey": "",
  "renderMode": "0",
  "scenes": [
    {
      "url": "db://assets/Scene/helloworld.fire",
      "uuid": "2d2f792f-a40c-49bb-a189-ed176a246e49"
    }
  ],
  "sourceMaps": false,
  "startScene": "2d2f792f-a40c-49bb-a189-ed176a246e49",
  "template": "default",
  "title": "hello_world",
  "useDebugKeystore": true,
  "vsVersion": "auto",
  "webOrientation": "auto",
  "project": "/Users/ijunjay/OcJsCall",
  "projectName": "hello_world",
  "runtimePath": "/Applications/CocosCreator1.5.2.app/Contents/Resources/engine",
  "debugBuildWorker": false
}
2018-03-12T15:41:30.214Z - normal: Building /Users/ijunjay/OcJsCall
2018-03-12T15:41:30.214Z - normal: Destination /Users/ijunjay/OcJsCall/build/jsb-default
2018-03-12T15:41:30.230Z - normal: Checked Python Version [2.7.10]
2018-03-12T15:41:31.488Z - normal: Creating native cocos project to  /Users/ijunjay/OcJsCall/build/jsb-default
2018-03-12T15:41:34.929Z - normal: Delete /Users/ijunjay/OcJsCall/build/jsb-default/res/**/*
2018-03-12T15:41:34.929Z - normal: Delete /Users/ijunjay/OcJsCall/build/jsb-default/src/*/
2018-03-12T15:41:35.007Z - normal: Generating main.js from /Applications/CocosCreator1.5.2.app/Contents/Resources/static/build-templates/shares/main.js
2018-03-12T15:41:36.373Z - normal: Compiled project javascript file successfully
2018-03-12T15:41:36.373Z - normal: Start building assets
2018-03-12T15:41:36.373Z - normal: Start spawn build-worker
2018-03-12T15:41:37.169Z - normal: Finish spawn build-worker
2018-03-12T15:41:37.169Z - normal: Start init build-worker
2018-03-12T15:41:38.954Z - normal: 1.5.2
2018-03-12T15:41:39.030Z - normal: Finish init build-worker
2018-03-12T15:41:39.030Z - normal: Start build-assets in worker
2018-03-12T15:41:39.132Z - info: Enable "Inline all SpriteFrames" in native platform will increase the package size used in hot update.
2018-03-12T15:41:39.222Z - normal: Finish build-assets in worker
2018-03-12T15:41:39.225Z - normal: Finish building assets
2018-03-12T15:41:39.259Z - normal: Start building raw assets
2018-03-12T15:41:39.260Z - normal: [build-raw-assets] Start copying /Users/ijunjay/OcJsCall/assets/Texture/HelloWorld.png to /Users/ijunjay/OcJsCall/build/jsb-default/res/raw-assets/Texture/HelloWorld.png
2018-03-12T15:41:39.260Z - normal: [build-raw-assets] Start copying /Users/ijunjay/OcJsCall/assets/Texture/singleColor.png to /Users/ijunjay/OcJsCall/build/jsb-default/res/raw-assets/Texture/singleColor.png
2018-03-12T15:41:39.261Z - normal: [build-raw-assets] Start copying /Applications/CocosCreator1.5.2.app/Contents/Resources/static/default-assets/image/default_btn_disabled.png to /Users/ijunjay/OcJsCall/build/jsb-default/res/raw-internal/image/default_btn_disabled.png
2018-03-12T15:41:39.261Z - normal: [build-raw-assets] Start copying /Applications/CocosCreator1.5.2.app/Contents/Resources/static/default-assets/image/default_btn_pressed.png to /Users/ijunjay/OcJsCall/build/jsb-default/res/raw-internal/image/default_btn_pressed.png
2018-03-12T15:41:39.261Z - normal: [build-raw-assets] Start copying /Applications/CocosCreator1.5.2.app/Contents/Resources/static/default-assets/image/default_btn_normal.png to /Users/ijunjay/OcJsCall/build/jsb-default/res/raw-internal/image/default_btn_normal.png
2018-03-12T15:41:39.270Z - normal: [build-raw-assets] Finish copying /Users/ijunjay/OcJsCall/assets/Texture/HelloWorld.png to /Users/ijunjay/OcJsCall/build/jsb-default/res/raw-assets/Texture/HelloWorld.png
2018-03-12T15:41:39.270Z - normal: [build-raw-assets] Finish copying /Applications/CocosCreator1.5.2.app/Contents/Resources/static/default-assets/image/default_btn_pressed.png to /Users/ijunjay/OcJsCall/build/jsb-default/res/raw-internal/image/default_btn_pressed.png
2018-03-12T15:41:39.271Z - normal: [build-raw-assets] Finish copying /Users/ijunjay/OcJsCall/assets/Texture/singleColor.png to /Users/ijunjay/OcJsCall/build/jsb-default/res/raw-assets/Texture/singleColor.png
2018-03-12T15:41:39.271Z - normal: [build-raw-assets] Finish copying /Applications/CocosCreator1.5.2.app/Contents/Resources/static/default-assets/image/default_btn_normal.png to /Users/ijunjay/OcJsCall/build/jsb-default/res/raw-internal/image/default_btn_normal.png
2018-03-12T15:41:39.271Z - normal: [build-raw-assets] Finish copying /Applications/CocosCreator1.5.2.app/Contents/Resources/static/default-assets/image/default_btn_disabled.png to /Users/ijunjay/OcJsCall/build/jsb-default/res/raw-internal/image/default_btn_disabled.png
2018-03-12T15:41:39.271Z - normal: Finish building raw assets
2018-03-12T15:41:39.272Z - normal: Built to "/Users/ijunjay/OcJsCall/build/jsb-default" successfully
2018-03-12T15:42:06.452Z - normal: Start building with options : {
  "androidStudio": true,
  "apiLevel": "",
  "appABIs": [],
  "appKey": "",
  "appSecret": "",
  "buildPath": "/Users/ijunjay/OcJsCall/build",
  "debug": true,
  "dest": "/Users/ijunjay/OcJsCall/build/jsb-default",
  "excludedModules": [],
  "includeAnySDK": false,
  "includeSDKBox": false,
  "inlineSpriteFrames": true,
  "inlineSpriteFrames_native": true,
  "mergeStartScene": false,
  "oauthLoginServer": "",
  "optimizeHotUpdate": false,
  "orientation": {
    "landscapeLeft": true,
    "landscapeRight": true,
    "portrait": false,
    "upsideDown": false
  },
  "packageName": "org.cocos2d.helloworld",
  "platform": "ios",
  "previewHeight": 720,
  "previewWidth": 1280,
  "privateKey": "",
  "renderMode": "0",
  "scenes": [
    {
      "url": "db://assets/Scene/helloworld.fire",
      "uuid": "2d2f792f-a40c-49bb-a189-ed176a246e49"
    }
  ],
  "sourceMaps": true,
  "startScene": "2d2f792f-a40c-49bb-a189-ed176a246e49",
  "template": "default",
  "title": "hello_world",
  "useDebugKeystore": true,
  "vsVersion": "auto",
  "webOrientation": "auto",
  "project": "/Users/ijunjay/OcJsCall",
  "projectName": "hello_world",
  "runtimePath": "/Applications/CocosCreator1.5.2.app/Contents/Resources/engine",
  "debugBuildWorker": false
}
2018-03-12T15:42:06.452Z - normal: Building /Users/ijunjay/OcJsCall
2018-03-12T15:42:06.452Z - normal: Destination /Users/ijunjay/OcJsCall/build/jsb-default
2018-03-12T15:42:06.471Z - normal: Checked Python Version [2.7.10]
2018-03-12T15:42:07.685Z - normal: Creating native cocos project to  /Users/ijunjay/OcJsCall/build/jsb-default
2018-03-12T15:42:10.937Z - normal: Delete /Users/ijunjay/OcJsCall/build/jsb-default/res/**/*
2018-03-12T15:42:10.938Z - normal: Delete /Users/ijunjay/OcJsCall/build/jsb-default/src/*/
2018-03-12T15:42:11.013Z - normal: Generating main.js from /Applications/CocosCreator1.5.2.app/Contents/Resources/static/build-templates/shares/main.js
2018-03-12T15:42:12.148Z - normal: Compiled project javascript file successfully
2018-03-12T15:42:12.148Z - normal: Start building assets
2018-03-12T15:42:12.148Z - normal: Start spawn build-worker
2018-03-12T15:42:12.791Z - normal: Finish spawn build-worker
2018-03-12T15:42:12.791Z - normal: Start init build-worker
2018-03-12T15:42:14.382Z - normal: 1.5.2
2018-03-12T15:42:14.467Z - normal: Finish init build-worker
2018-03-12T15:42:14.468Z - normal: Start build-assets in worker
2018-03-12T15:42:14.566Z - info: Enable "Inline all SpriteFrames" in native platform will increase the package size used in hot update.
2018-03-12T15:42:14.678Z - normal: Finish build-assets in worker
2018-03-12T15:42:14.682Z - normal: Finish building assets
2018-03-12T15:42:14.711Z - normal: Start building raw assets
2018-03-12T15:42:14.712Z - normal: [build-raw-assets] Start copying /Users/ijunjay/OcJsCall/assets/Texture/HelloWorld.png to /Users/ijunjay/OcJsCall/build/jsb-default/res/raw-assets/Texture/HelloWorld.png
2018-03-12T15:42:14.712Z - normal: [build-raw-assets] Start copying /Users/ijunjay/OcJsCall/assets/Texture/singleColor.png to /Users/ijunjay/OcJsCall/build/jsb-default/res/raw-assets/Texture/singleColor.png
2018-03-12T15:42:14.712Z - normal: [build-raw-assets] Start copying /Applications/CocosCreator1.5.2.app/Contents/Resources/static/default-assets/image/default_btn_disabled.png to /Users/ijunjay/OcJsCall/build/jsb-default/res/raw-internal/image/default_btn_disabled.png
2018-03-12T15:42:14.712Z - normal: [build-raw-assets] Start copying /Applications/CocosCreator1.5.2.app/Contents/Resources/static/default-assets/image/default_btn_pressed.png to /Users/ijunjay/OcJsCall/build/jsb-default/res/raw-internal/image/default_btn_pressed.png
2018-03-12T15:42:14.712Z - normal: [build-raw-assets] Start copying /Applications/CocosCreator1.5.2.app/Contents/Resources/static/default-assets/image/default_btn_normal.png to /Users/ijunjay/OcJsCall/build/jsb-default/res/raw-internal/image/default_btn_normal.png
2018-03-12T15:42:14.718Z - normal: [build-raw-assets] Finish copying /Users/ijunjay/OcJsCall/assets/Texture/HelloWorld.png to /Users/ijunjay/OcJsCall/build/jsb-default/res/raw-assets/Texture/HelloWorld.png
2018-03-12T15:42:14.719Z - normal: [build-raw-assets] Finish copying /Applications/CocosCreator1.5.2.app/Contents/Resources/static/default-assets/image/default_btn_pressed.png to /Users/ijunjay/OcJsCall/build/jsb-default/res/raw-internal/image/default_btn_pressed.png
2018-03-12T15:42:14.719Z - normal: [build-raw-assets] Finish copying /Applications/CocosCreator1.5.2.app/Contents/Resources/static/default-assets/image/default_btn_disabled.png to /Users/ijunjay/OcJsCall/build/jsb-default/res/raw-internal/image/default_btn_disabled.png
2018-03-12T15:42:14.719Z - normal: [build-raw-assets] Finish copying /Users/ijunjay/OcJsCall/assets/Texture/singleColor.png to /Users/ijunjay/OcJsCall/build/jsb-default/res/raw-assets/Texture/singleColor.png
2018-03-12T15:42:14.719Z - normal: [build-raw-assets] Finish copying /Applications/CocosCreator1.5.2.app/Contents/Resources/static/default-assets/image/default_btn_normal.png to /Users/ijunjay/OcJsCall/build/jsb-default/res/raw-internal/image/default_btn_normal.png
2018-03-12T15:42:14.720Z - normal: Finish building raw assets
2018-03-12T15:42:14.720Z - normal: Built to "/Users/ijunjay/OcJsCall/build/jsb-default" successfully
2018-03-12T15:42:45.909Z - normal: Start building with options : {
  "androidStudio": true,
  "apiLevel": "",
  "appABIs": [],
  "appKey": "",
  "appSecret": "",
  "buildPath": "/Users/ijunjay/OcJsCall/build",
  "debug": true,
  "dest": "/Users/ijunjay/OcJsCall/build/jsb-link",
  "excludedModules": [],
  "includeAnySDK": false,
  "includeSDKBox": false,
  "inlineSpriteFrames": true,
  "inlineSpriteFrames_native": true,
  "mergeStartScene": false,
  "oauthLoginServer": "",
  "optimizeHotUpdate": false,
  "orientation": {
    "landscapeLeft": true,
    "landscapeRight": true,
    "portrait": false,
    "upsideDown": false
  },
  "packageName": "org.cocos2d.helloworld",
  "platform": "ios",
  "previewHeight": 720,
  "previewWidth": 1280,
  "privateKey": "",
  "renderMode": "0",
  "scenes": [
    {
      "url": "db://assets/Scene/helloworld.fire",
      "uuid": "2d2f792f-a40c-49bb-a189-ed176a246e49"
    }
  ],
  "sourceMaps": true,
  "startScene": "2d2f792f-a40c-49bb-a189-ed176a246e49",
  "template": "link",
  "title": "hello_world",
  "useDebugKeystore": true,
  "vsVersion": "auto",
  "webOrientation": "auto",
  "project": "/Users/ijunjay/OcJsCall",
  "projectName": "hello_world",
  "runtimePath": "/Applications/CocosCreator1.5.2.app/Contents/Resources/engine",
  "debugBuildWorker": false
}
2018-03-12T15:42:45.909Z - normal: Building /Users/ijunjay/OcJsCall
2018-03-12T15:42:45.909Z - normal: Destination /Users/ijunjay/OcJsCall/build/jsb-link
2018-03-12T15:42:45.928Z - normal: Checked Python Version [2.7.10]
2018-03-12T15:42:47.130Z - normal: Creating native cocos project to  /Users/ijunjay/OcJsCall/build/jsb-link
2018-03-12T15:42:48.554Z - normal: Delete /Users/ijunjay/OcJsCall/build/jsb-link/res/**/*
2018-03-12T15:42:48.555Z - normal: Delete /Users/ijunjay/OcJsCall/build/jsb-link/src/*/
2018-03-12T15:42:48.635Z - normal: Generating main.js from /Applications/CocosCreator1.5.2.app/Contents/Resources/static/build-templates/shares/main.js
2018-03-12T15:42:49.770Z - normal: Compiled project javascript file successfully
2018-03-12T15:42:49.770Z - normal: Start building assets
2018-03-12T15:42:49.771Z - normal: Start spawn build-worker
2018-03-12T15:42:50.429Z - normal: Finish spawn build-worker
2018-03-12T15:42:50.429Z - normal: Start init build-worker
2018-03-12T15:42:51.766Z - normal: 1.5.2
2018-03-12T15:42:51.833Z - normal: Finish init build-worker
2018-03-12T15:42:51.834Z - normal: Start build-assets in worker
2018-03-12T15:42:51.905Z - info: Enable "Inline all SpriteFrames" in native platform will increase the package size used in hot update.
2018-03-12T15:42:51.998Z - normal: Finish build-assets in worker
2018-03-12T15:42:52.001Z - normal: Finish building assets
2018-03-12T15:42:52.033Z - normal: Start building raw assets
2018-03-12T15:42:52.033Z - normal: [build-raw-assets] Start copying /Users/ijunjay/OcJsCall/assets/Texture/HelloWorld.png to /Users/ijunjay/OcJsCall/build/jsb-link/res/raw-assets/Texture/HelloWorld.png
2018-03-12T15:42:52.034Z - normal: [build-raw-assets] Start copying /Users/ijunjay/OcJsCall/assets/Texture/singleColor.png to /Users/ijunjay/OcJsCall/build/jsb-link/res/raw-assets/Texture/singleColor.png
2018-03-12T15:42:52.034Z - normal: [build-raw-assets] Start copying /Applications/CocosCreator1.5.2.app/Contents/Resources/static/default-assets/image/default_btn_disabled.png to /Users/ijunjay/OcJsCall/build/jsb-link/res/raw-internal/image/default_btn_disabled.png
2018-03-12T15:42:52.034Z - normal: [build-raw-assets] Start copying /Applications/CocosCreator1.5.2.app/Contents/Resources/static/default-assets/image/default_btn_pressed.png to /Users/ijunjay/OcJsCall/build/jsb-link/res/raw-internal/image/default_btn_pressed.png
2018-03-12T15:42:52.034Z - normal: [build-raw-assets] Start copying /Applications/CocosCreator1.5.2.app/Contents/Resources/static/default-assets/image/default_btn_normal.png to /Users/ijunjay/OcJsCall/build/jsb-link/res/raw-internal/image/default_btn_normal.png
2018-03-12T15:42:52.044Z - normal: [build-raw-assets] Finish copying /Users/ijunjay/OcJsCall/assets/Texture/HelloWorld.png to /Users/ijunjay/OcJsCall/build/jsb-link/res/raw-assets/Texture/HelloWorld.png
2018-03-12T15:42:52.044Z - normal: [build-raw-assets] Finish copying /Applications/CocosCreator1.5.2.app/Contents/Resources/static/default-assets/image/default_btn_disabled.png to /Users/ijunjay/OcJsCall/build/jsb-link/res/raw-internal/image/default_btn_disabled.png
2018-03-12T15:42:52.046Z - normal: [build-raw-assets] Finish copying /Users/ijunjay/OcJsCall/assets/Texture/singleColor.png to /Users/ijunjay/OcJsCall/build/jsb-link/res/raw-assets/Texture/singleColor.png
2018-03-12T15:42:52.047Z - normal: [build-raw-assets] Finish copying /Applications/CocosCreator1.5.2.app/Contents/Resources/static/default-assets/image/default_btn_pressed.png to /Users/ijunjay/OcJsCall/build/jsb-link/res/raw-internal/image/default_btn_pressed.png
2018-03-12T15:42:52.047Z - normal: [build-raw-assets] Finish copying /Applications/CocosCreator1.5.2.app/Contents/Resources/static/default-assets/image/default_btn_normal.png to /Users/ijunjay/OcJsCall/build/jsb-link/res/raw-internal/image/default_btn_normal.png
2018-03-12T15:42:52.047Z - normal: Finish building raw assets
2018-03-12T15:42:52.048Z - normal: Built to "/Users/ijunjay/OcJsCall/build/jsb-link" successfully
2018-03-12T15:48:25.167Z - error: Failed to update asset db://assets/Script/OcJsCall.js, messages: Compile error: SyntaxError: unknown: Unexpected token, expected , (67:14)
  65 |         }
  66 |     },
> 67 |     oncallback:function(cmd,content){
     |               ^
  68 |     	
  69 |     	console.log("called in js:RecordDoneCallBack(%s,%s)", cmd, content);
  70 |     },
    at Parser.pp$5.raise (/Applications/CocosCreator1.5.2.app/Contents/Resources/app.asar/node_modules/babylon/lib/index.js:4443:13)
    at Parser.pp.unexpected (/Applications/CocosCreator1.5.2.app/Contents/Resources/app.asar/node_modules/babylon/lib/index.js:1755:8)
    at Parser.pp.expect (/Applications/CocosCreator1.5.2.app/Contents/Resources/app.asar/node_modules/babylon/lib/index.js:1743:33)
    at Parser.pp$3.parseCallExpressionArguments (/Applications/CocosCreator1.5.2.app/Contents/Resources/app.asar/node_modules/babylon/lib/index.js:3554:12)
    at Parser.pp$3.parseSubscripts (/Applications/CocosCreator1.5.2.app/Contents/Resources/app.asar/node_modules/babylon/lib/index.js:3523:31)
    at Parser.pp$3.parseExprSubscripts (/Applications/CocosCreator1.5.2.app/Contents/Resources/app.asar/node_modules/babylon/lib/index.js:3494:15)
    at Parser.pp$3.parseMaybeUnary (/Applications/CocosCreator1.5.2.app/Contents/Resources/app.asar/node_modules/babylon/lib/index.js:3464:19)
    at Parser.pp$3.parseExprOps (/Applications/CocosCreator1.5.2.app/Contents/Resources/app.asar/node_modules/babylon/lib/index.js:3394:19)
    at Parser.pp$3.parseMaybeConditional (/Applications/CocosCreator1.5.2.app/Contents/Resources/app.asar/node_modules/babylon/lib/index.js:3371:19)
    at Parser.pp$3.parseMaybeAssign (/Applications/CocosCreator1.5.2.app/Contents/Resources/app.asar/node_modules/babylon/lib/index.js:3334:19)
    at s.AssetDB.error (/Applications/CocosCreator1.5.2.app/Contents/Resources/app.asar/asset-db/lib/utils.js:1:2582)
    at Object.callback (/Applications/CocosCreator1.5.2.app/Contents/Resources/app.asar/asset-db/lib/interface.js:1:5731)
    at /Applications/CocosCreator1.5.2.app/Contents/Resources/app.asar/node_modules/async/lib/async.js:906:35
    at _arrayEach (/Applications/CocosCreator1.5.2.app/Contents/Resources/app.asar/node_modules/async/lib/async.js:85:13)
    at /Applications/CocosCreator1.5.2.app/Contents/Resources/app.asar/node_modules/async/lib/async.js:898:17
    at /Applications/CocosCreator1.5.2.app/Contents/Resources/app.asar/node_modules/async/lib/async.js:44:16
    at s.<anonymous> (/Applications/CocosCreator1.5.2.app/Contents/Resources/app.asar/asset-db/index.js:1:1683)
    at /Applications/CocosCreator1.5.2.app/Contents/Resources/app.asar/asset-db/lib/tasks.js:1:22641
    at /Applications/CocosCreator1.5.2.app/Contents/Resources/app.asar/node_modules/async/lib/async.js:52:16
2018-03-12T15:48:49.040Z - error: Failed to update asset db://assets/Script/OcJsCall.js, messages: Compile error: SyntaxError: unknown: Unexpected token, expected , (67:14)
  65 |         }
  66 |     },
> 67 |     oncallback:function(cmd,content){
     |               ^
  68 |     	
  69 |     	console.log("called in js:RecordDoneCallBack(%s,%s)", cmd, content);
  70 |     },
    at Parser.pp$5.raise (/Applications/CocosCreator1.5.2.app/Contents/Resources/app.asar/node_modules/babylon/lib/index.js:4443:13)
    at Parser.pp.unexpected (/Applications/CocosCreator1.5.2.app/Contents/Resources/app.asar/node_modules/babylon/lib/index.js:1755:8)
    at Parser.pp.expect (/Applications/CocosCreator1.5.2.app/Contents/Resources/app.asar/node_modules/babylon/lib/index.js:1743:33)
    at Parser.pp$3.parseCallExpressionArguments (/Applications/CocosCreator1.5.2.app/Contents/Resources/app.asar/node_modules/babylon/lib/index.js:3554:12)
    at Parser.pp$3.parseSubscripts (/Applications/CocosCreator1.5.2.app/Contents/Resources/app.asar/node_modules/babylon/lib/index.js:3523:31)
    at Parser.pp$3.parseExprSubscripts (/Applications/CocosCreator1.5.2.app/Contents/Resources/app.asar/node_modules/babylon/lib/index.js:3494:15)
    at Parser.pp$3.parseMaybeUnary (/Applications/CocosCreator1.5.2.app/Contents/Resources/app.asar/node_modules/babylon/lib/index.js:3464:19)
    at Parser.pp$3.parseExprOps (/Applications/CocosCreator1.5.2.app/Contents/Resources/app.asar/node_modules/babylon/lib/index.js:3394:19)
    at Parser.pp$3.parseMaybeConditional (/Applications/CocosCreator1.5.2.app/Contents/Resources/app.asar/node_modules/babylon/lib/index.js:3371:19)
    at Parser.pp$3.parseMaybeAssign (/Applications/CocosCreator1.5.2.app/Contents/Resources/app.asar/node_modules/babylon/lib/index.js:3334:19)
    at s.AssetDB.error (/Applications/CocosCreator1.5.2.app/Contents/Resources/app.asar/asset-db/lib/utils.js:1:2582)
    at Object.callback (/Applications/CocosCreator1.5.2.app/Contents/Resources/app.asar/asset-db/lib/interface.js:1:5731)
    at /Applications/CocosCreator1.5.2.app/Contents/Resources/app.asar/node_modules/async/lib/async.js:906:35
    at _arrayEach (/Applications/CocosCreator1.5.2.app/Contents/Resources/app.asar/node_modules/async/lib/async.js:85:13)
    at /Applications/CocosCreator1.5.2.app/Contents/Resources/app.asar/node_modules/async/lib/async.js:898:17
    at /Applications/CocosCreator1.5.2.app/Contents/Resources/app.asar/node_modules/async/lib/async.js:44:16
    at s.<anonymous> (/Applications/CocosCreator1.5.2.app/Contents/Resources/app.asar/asset-db/index.js:1:1683)
    at /Applications/CocosCreator1.5.2.app/Contents/Resources/app.asar/asset-db/lib/tasks.js:1:22641
    at /Applications/CocosCreator1.5.2.app/Contents/Resources/app.asar/node_modules/async/lib/async.js:52:16
2018-03-12T15:49:21.625Z - error: Failed to update asset db://assets/Script/OcJsCall.js, messages: Compile error: SyntaxError: unknown: Unexpected token, expected , (67:14)
  65 |         }
  66 |     },
> 67 |     oncallback:function(cmd,content){
     |               ^
  68 |     	
  69 |     	console.log("called in js:RecordDoneCallBack(%s,%s)", cmd, content);
  70 |     },
    at Parser.pp$5.raise (/Applications/CocosCreator1.5.2.app/Contents/Resources/app.asar/node_modules/babylon/lib/index.js:4443:13)
    at Parser.pp.unexpected (/Applications/CocosCreator1.5.2.app/Contents/Resources/app.asar/node_modules/babylon/lib/index.js:1755:8)
    at Parser.pp.expect (/Applications/CocosCreator1.5.2.app/Contents/Resources/app.asar/node_modules/babylon/lib/index.js:1743:33)
    at Parser.pp$3.parseCallExpressionArguments (/Applications/CocosCreator1.5.2.app/Contents/Resources/app.asar/node_modules/babylon/lib/index.js:3554:12)
    at Parser.pp$3.parseSubscripts (/Applications/CocosCreator1.5.2.app/Contents/Resources/app.asar/node_modules/babylon/lib/index.js:3523:31)
    at Parser.pp$3.parseExprSubscripts (/Applications/CocosCreator1.5.2.app/Contents/Resources/app.asar/node_modules/babylon/lib/index.js:3494:15)
    at Parser.pp$3.parseMaybeUnary (/Applications/CocosCreator1.5.2.app/Contents/Resources/app.asar/node_modules/babylon/lib/index.js:3464:19)
    at Parser.pp$3.parseExprOps (/Applications/CocosCreator1.5.2.app/Contents/Resources/app.asar/node_modules/babylon/lib/index.js:3394:19)
    at Parser.pp$3.parseMaybeConditional (/Applications/CocosCreator1.5.2.app/Contents/Resources/app.asar/node_modules/babylon/lib/index.js:3371:19)
    at Parser.pp$3.parseMaybeAssign (/Applications/CocosCreator1.5.2.app/Contents/Resources/app.asar/node_modules/babylon/lib/index.js:3334:19)
    at s.AssetDB.error (/Applications/CocosCreator1.5.2.app/Contents/Resources/app.asar/asset-db/lib/utils.js:1:2582)
    at Object.callback (/Applications/CocosCreator1.5.2.app/Contents/Resources/app.asar/asset-db/lib/interface.js:1:5731)
    at /Applications/CocosCreator1.5.2.app/Contents/Resources/app.asar/node_modules/async/lib/async.js:906:35
    at _arrayEach (/Applications/CocosCreator1.5.2.app/Contents/Resources/app.asar/node_modules/async/lib/async.js:85:13)
    at /Applications/CocosCreator1.5.2.app/Contents/Resources/app.asar/node_modules/async/lib/async.js:898:17
    at /Applications/CocosCreator1.5.2.app/Contents/Resources/app.asar/node_modules/async/lib/async.js:44:16
    at s.<anonymous> (/Applications/CocosCreator1.5.2.app/Contents/Resources/app.asar/asset-db/index.js:1:1683)
    at /Applications/CocosCreator1.5.2.app/Contents/Resources/app.asar/asset-db/lib/tasks.js:1:22641
    at /Applications/CocosCreator1.5.2.app/Contents/Resources/app.asar/node_modules/async/lib/async.js:52:16
2018-03-12T15:50:16.073Z - normal: Compiled project javascript file successfully
2018-03-12T15:51:31.211Z - normal: Compiled project javascript file successfully
2018-03-12T15:51:35.202Z - normal: Compiled project javascript file successfully
2018-03-12T15:52:19.769Z - normal: Compiled project javascript file successfully
2018-03-12T15:52:57.388Z - normal: Compiled project javascript file successfully
2018-03-12T15:53:32.270Z - normal: Compiled project javascript file successfully
2018-03-12T15:53:41.530Z - normal: Compiled project javascript file successfully
2018-03-12T15:53:57.275Z - normal: Compiled project javascript file successfully
2018-03-12T15:54:12.991Z - normal: Start building with options : {
  "androidStudio": true,
  "apiLevel": "",
  "appABIs": [],
  "appKey": "",
  "appSecret": "",
  "buildPath": "/Users/ijunjay/OcJsCall/build",
  "debug": true,
  "dest": "/Users/ijunjay/OcJsCall/build/jsb-link",
  "excludedModules": [],
  "includeAnySDK": false,
  "includeSDKBox": false,
  "inlineSpriteFrames": true,
  "inlineSpriteFrames_native": true,
  "mergeStartScene": false,
  "oauthLoginServer": "",
  "optimizeHotUpdate": false,
  "orientation": {
    "landscapeLeft": true,
    "landscapeRight": true,
    "portrait": false,
    "upsideDown": false
  },
  "packageName": "org.cocos2d.helloworld",
  "platform": "ios",
  "previewHeight": 720,
  "previewWidth": 1280,
  "privateKey": "",
  "renderMode": "0",
  "scenes": [
    {
      "url": "db://assets/Scene/helloworld.fire",
      "uuid": "2d2f792f-a40c-49bb-a189-ed176a246e49"
    }
  ],
  "sourceMaps": true,
  "startScene": "2d2f792f-a40c-49bb-a189-ed176a246e49",
  "template": "link",
  "title": "hello_world",
  "useDebugKeystore": true,
  "vsVersion": "auto",
  "webOrientation": "auto",
  "project": "/Users/ijunjay/OcJsCall",
  "projectName": "hello_world",
  "runtimePath": "/Applications/CocosCreator1.5.2.app/Contents/Resources/engine",
  "debugBuildWorker": false
}
2018-03-12T15:54:12.998Z - normal: Building /Users/ijunjay/OcJsCall
2018-03-12T15:54:12.998Z - normal: Destination /Users/ijunjay/OcJsCall/build/jsb-link
2018-03-12T15:54:13.021Z - normal: Checked Python Version [2.7.10]
2018-03-12T15:54:14.342Z - normal: Delete /Users/ijunjay/OcJsCall/build/jsb-link/res/**/*
2018-03-12T15:54:14.343Z - normal: Delete /Users/ijunjay/OcJsCall/build/jsb-link/src/*/
2018-03-12T15:54:14.440Z - normal: Generating main.js from /Applications/CocosCreator1.5.2.app/Contents/Resources/static/build-templates/shares/main.js
2018-03-12T15:54:15.622Z - normal: Compiled project javascript file successfully
2018-03-12T15:54:15.623Z - normal: Start building assets
2018-03-12T15:54:15.623Z - normal: Start spawn build-worker
2018-03-12T15:54:16.325Z - normal: Finish spawn build-worker
2018-03-12T15:54:16.325Z - normal: Start init build-worker
2018-03-12T15:54:17.817Z - normal: 1.5.2
2018-03-12T15:54:17.893Z - normal: Finish init build-worker
2018-03-12T15:54:17.893Z - normal: Start build-assets in worker
2018-03-12T15:54:18.001Z - info: Enable "Inline all SpriteFrames" in native platform will increase the package size used in hot update.
2018-03-12T15:54:18.134Z - normal: Finish build-assets in worker
2018-03-12T15:54:18.138Z - normal: Finish building assets
2018-03-12T15:54:18.178Z - normal: Start building raw assets
2018-03-12T15:54:18.179Z - normal: [build-raw-assets] Start copying /Users/ijunjay/OcJsCall/assets/Texture/HelloWorld.png to /Users/ijunjay/OcJsCall/build/jsb-link/res/raw-assets/Texture/HelloWorld.png
2018-03-12T15:54:18.179Z - normal: [build-raw-assets] Start copying /Users/ijunjay/OcJsCall/assets/Texture/singleColor.png to /Users/ijunjay/OcJsCall/build/jsb-link/res/raw-assets/Texture/singleColor.png
2018-03-12T15:54:18.179Z - normal: [build-raw-assets] Start copying /Applications/CocosCreator1.5.2.app/Contents/Resources/static/default-assets/image/default_btn_disabled.png to /Users/ijunjay/OcJsCall/build/jsb-link/res/raw-internal/image/default_btn_disabled.png
2018-03-12T15:54:18.180Z - normal: [build-raw-assets] Start copying /Applications/CocosCreator1.5.2.app/Contents/Resources/static/default-assets/image/default_btn_pressed.png to /Users/ijunjay/OcJsCall/build/jsb-link/res/raw-internal/image/default_btn_pressed.png
2018-03-12T15:54:18.180Z - normal: [build-raw-assets] Start copying /Applications/CocosCreator1.5.2.app/Contents/Resources/static/default-assets/image/default_btn_normal.png to /Users/ijunjay/OcJsCall/build/jsb-link/res/raw-internal/image/default_btn_normal.png
2018-03-12T15:54:18.209Z - normal: [build-raw-assets] Finish copying /Applications/CocosCreator1.5.2.app/Contents/Resources/static/default-assets/image/default_btn_pressed.png to /Users/ijunjay/OcJsCall/build/jsb-link/res/raw-internal/image/default_btn_pressed.png
2018-03-12T15:54:18.210Z - normal: [build-raw-assets] Finish copying /Users/ijunjay/OcJsCall/assets/Texture/HelloWorld.png to /Users/ijunjay/OcJsCall/build/jsb-link/res/raw-assets/Texture/HelloWorld.png
2018-03-12T15:54:18.210Z - normal: [build-raw-assets] Finish copying /Users/ijunjay/OcJsCall/assets/Texture/singleColor.png to /Users/ijunjay/OcJsCall/build/jsb-link/res/raw-assets/Texture/singleColor.png
2018-03-12T15:54:18.211Z - normal: [build-raw-assets] Finish copying /Applications/CocosCreator1.5.2.app/Contents/Resources/static/default-assets/image/default_btn_disabled.png to /Users/ijunjay/OcJsCall/build/jsb-link/res/raw-internal/image/default_btn_disabled.png
2018-03-12T15:54:18.211Z - normal: [build-raw-assets] Finish copying /Applications/CocosCreator1.5.2.app/Contents/Resources/static/default-assets/image/default_btn_normal.png to /Users/ijunjay/OcJsCall/build/jsb-link/res/raw-internal/image/default_btn_normal.png
2018-03-12T15:54:18.211Z - normal: Finish building raw assets
2018-03-12T15:54:18.212Z - normal: Built to "/Users/ijunjay/OcJsCall/build/jsb-link" successfully
2018-03-12T16:01:47.517Z - normal: Compiled project javascript file successfully
2018-03-12T16:02:07.653Z - normal: Compiled project javascript file successfully
2018-03-12T16:02:12.265Z - normal: Compiled project javascript file successfully
2018-03-12T16:02:34.492Z - normal: Start building with options : {
  "androidStudio": true,
  "apiLevel": "",
  "appABIs": [],
  "appKey": "",
  "appSecret": "",
  "buildPath": "/Users/ijunjay/OcJsCall/build",
  "debug": true,
  "dest": "/Users/ijunjay/OcJsCall/build/jsb-link",
  "excludedModules": [],
  "includeAnySDK": false,
  "includeSDKBox": false,
  "inlineSpriteFrames": true,
  "inlineSpriteFrames_native": true,
  "mergeStartScene": false,
  "oauthLoginServer": "",
  "optimizeHotUpdate": false,
  "orientation": {
    "landscapeLeft": true,
    "landscapeRight": true,
    "portrait": false,
    "upsideDown": false
  },
  "packageName": "org.cocos2d.helloworld",
  "platform": "ios",
  "previewHeight": 720,
  "previewWidth": 1280,
  "privateKey": "",
  "renderMode": "0",
  "scenes": [
    {
      "url": "db://assets/Scene/helloworld.fire",
      "uuid": "2d2f792f-a40c-49bb-a189-ed176a246e49"
    }
  ],
  "sourceMaps": true,
  "startScene": "2d2f792f-a40c-49bb-a189-ed176a246e49",
  "template": "link",
  "title": "hello_world",
  "useDebugKeystore": true,
  "vsVersion": "auto",
  "webOrientation": "auto",
  "project": "/Users/ijunjay/OcJsCall",
  "projectName": "hello_world",
  "runtimePath": "/Applications/CocosCreator1.5.2.app/Contents/Resources/engine",
  "debugBuildWorker": false
}
2018-03-12T16:02:34.493Z - normal: Building /Users/ijunjay/OcJsCall
2018-03-12T16:02:34.493Z - normal: Destination /Users/ijunjay/OcJsCall/build/jsb-link
2018-03-12T16:02:34.532Z - normal: Checked Python Version [2.7.10]
2018-03-12T16:02:35.879Z - normal: Delete /Users/ijunjay/OcJsCall/build/jsb-link/res/**/*
2018-03-12T16:02:35.880Z - normal: Delete /Users/ijunjay/OcJsCall/build/jsb-link/src/*/
2018-03-12T16:02:35.990Z - normal: Generating main.js from /Applications/CocosCreator1.5.2.app/Contents/Resources/static/build-templates/shares/main.js
2018-03-12T16:02:37.345Z - normal: Compiled project javascript file successfully
2018-03-12T16:02:37.345Z - normal: Start building assets
2018-03-12T16:02:37.345Z - normal: Start spawn build-worker
2018-03-12T16:02:38.100Z - normal: Finish spawn build-worker
2018-03-12T16:02:38.100Z - normal: Start init build-worker
2018-03-12T16:02:39.753Z - normal: 1.5.2
2018-03-12T16:02:39.834Z - normal: Finish init build-worker
2018-03-12T16:02:39.835Z - normal: Start build-assets in worker
2018-03-12T16:02:39.954Z - info: Enable "Inline all SpriteFrames" in native platform will increase the package size used in hot update.
2018-03-12T16:02:40.117Z - normal: Finish build-assets in worker
2018-03-12T16:02:40.120Z - normal: Finish building assets
2018-03-12T16:02:40.156Z - normal: Start building raw assets
2018-03-12T16:02:40.157Z - normal: [build-raw-assets] Start copying /Users/ijunjay/OcJsCall/assets/Texture/HelloWorld.png to /Users/ijunjay/OcJsCall/build/jsb-link/res/raw-assets/Texture/HelloWorld.png
2018-03-12T16:02:40.158Z - normal: [build-raw-assets] Start copying /Users/ijunjay/OcJsCall/assets/Texture/singleColor.png to /Users/ijunjay/OcJsCall/build/jsb-link/res/raw-assets/Texture/singleColor.png
2018-03-12T16:02:40.158Z - normal: [build-raw-assets] Start copying /Applications/CocosCreator1.5.2.app/Contents/Resources/static/default-assets/image/default_btn_disabled.png to /Users/ijunjay/OcJsCall/build/jsb-link/res/raw-internal/image/default_btn_disabled.png
2018-03-12T16:02:40.158Z - normal: [build-raw-assets] Start copying /Applications/CocosCreator1.5.2.app/Contents/Resources/static/default-assets/image/default_btn_pressed.png to /Users/ijunjay/OcJsCall/build/jsb-link/res/raw-internal/image/default_btn_pressed.png
2018-03-12T16:02:40.158Z - normal: [build-raw-assets] Start copying /Applications/CocosCreator1.5.2.app/Contents/Resources/static/default-assets/image/default_btn_normal.png to /Users/ijunjay/OcJsCall/build/jsb-link/res/raw-internal/image/default_btn_normal.png
2018-03-12T16:02:40.168Z - normal: [build-raw-assets] Finish copying /Users/ijunjay/OcJsCall/assets/Texture/HelloWorld.png to /Users/ijunjay/OcJsCall/build/jsb-link/res/raw-assets/Texture/HelloWorld.png
2018-03-12T16:02:40.168Z - normal: [build-raw-assets] Finish copying /Applications/CocosCreator1.5.2.app/Contents/Resources/static/default-assets/image/default_btn_pressed.png to /Users/ijunjay/OcJsCall/build/jsb-link/res/raw-internal/image/default_btn_pressed.png
2018-03-12T16:02:40.169Z - normal: [build-raw-assets] Finish copying /Users/ijunjay/OcJsCall/assets/Texture/singleColor.png to /Users/ijunjay/OcJsCall/build/jsb-link/res/raw-assets/Texture/singleColor.png
2018-03-12T16:02:40.169Z - normal: [build-raw-assets] Finish copying /Applications/CocosCreator1.5.2.app/Contents/Resources/static/default-assets/image/default_btn_normal.png to /Users/ijunjay/OcJsCall/build/jsb-link/res/raw-internal/image/default_btn_normal.png
2018-03-12T16:02:40.169Z - normal: [build-raw-assets] Finish copying /Applications/CocosCreator1.5.2.app/Contents/Resources/static/default-assets/image/default_btn_disabled.png to /Users/ijunjay/OcJsCall/build/jsb-link/res/raw-internal/image/default_btn_disabled.png
2018-03-12T16:02:40.169Z - normal: Finish building raw assets
2018-03-12T16:02:40.170Z - normal: Built to "/Users/ijunjay/OcJsCall/build/jsb-link" successfully
